{
  level: '\x1B[31merror\x1B[39m',
  message: 'User already exists',
  timestamp: '2024-03-04T07:11:58.282Z'
}
{
  level: '\x1B[31merror\x1B[39m',
  message: 'User already exists',
  timestamp: '2024-03-04T07:15:51.941Z'
}
{
  level: '\x1B[31merror\x1B[39m',
  message: 'User already exists',
  timestamp: '2024-03-04T07:16:04.104Z'
}
{
  level: '\x1B[31merror\x1B[39m',
  message: 'User already exists',
  timestamp: '2024-03-04T07:16:53.046Z'
}
{
  level: '\x1B[31merror\x1B[39m',
  message: 'User already exists',
  timestamp: '2024-03-04T07:17:52.258Z'
}
{
  level: '\x1B[31merror\x1B[39m',
  message: 'User already exists',
  timestamp: '2024-03-04T07:18:04.487Z'
}
{
  level: '\x1B[31merror\x1B[39m',
  message: 'User already exists',
  timestamp: '2024-03-04T07:19:52.630Z'
}
{
  level: '\x1B[31merror\x1B[39m',
  message: 'User already exists',
  timestamp: '2024-03-04T07:20:11.601Z'
}
{
  level: '\x1B[31merror\x1B[39m',
  message: 'data and salt arguments required',
  timestamp: '2024-03-04T07:24:11.031Z'
}
{
  level: '\x1B[31merror\x1B[39m',
  message: 'data and salt arguments required',
  timestamp: '2024-03-04T07:25:28.547Z'
}
{
  level: '\x1B[31merror\x1B[39m',
  message: 'data and salt arguments required',
  timestamp: '2024-03-04T07:25:59.146Z'
}
{
  level: '\x1B[31merror\x1B[39m',
  message: 'data and salt arguments required',
  timestamp: '2024-03-04T07:27:05.317Z'
}
{
  level: '\x1B[31merror\x1B[39m',
  message: 'data and salt arguments required',
  timestamp: '2024-03-04T07:27:50.650Z'
}
{
  level: '\x1B[31merror\x1B[39m',
  message: 'User already exists',
  timestamp: '2024-03-04T07:44:09.785Z'
}
{
  level: '\x1B[31merror\x1B[39m',
  message: "Cannot read properties of undefined (reading 'password')",
  timestamp: '2024-03-05T08:30:59.796Z'
}
{
  level: '\x1B[31merror\x1B[39m',
  message: "Cannot read properties of undefined (reading 'password')",
  timestamp: '2024-03-05T08:31:12.586Z'
}
{
  length: 137,
  name: 'error',
  severity: 'ERROR',
  code: '08P01',
  detail: undefined,
  hint: undefined,
  position: undefined,
  internalPosition: undefined,
  internalQuery: undefined,
  where: undefined,
  schema: undefined,
  table: undefined,
  column: undefined,
  dataType: undefined,
  constraint: undefined,
  file: 'postgres.c',
  line: '1720',
  routine: 'exec_bind_message',
  level: '\x1B[31merror\x1B[39m',
  message: 'Error placing order: bind message supplies 3 parameters, but prepared statement "" requires 2',
  stack: 'error: bind message supplies 3 parameters, but prepared statement "" requires 2\n' +
    '    at /Users/nikeshsapkota/Desktop/Amnil/Task-Express-App/node_modules/pg-pool/index.js:45:11\n' +
    '    at process.processTicksAndRejections (node:internal/process/task_queues:95:5)\n' +
    '    at async makeOrder (file:///Users/nikeshsapkota/Desktop/Amnil/Task-Express-App/src/postgres/Controllers/order.js:29:9)',
  timestamp: '2024-03-13T06:40:42.290Z'
}
{
  length: 205,
  name: 'error',
  severity: 'ERROR',
  code: '22008',
  detail: undefined,
  hint: 'Perhaps you need a different "datestyle" setting.',
  position: undefined,
  internalPosition: undefined,
  internalQuery: undefined,
  where: "unnamed portal parameter $3 = '...'",
  schema: undefined,
  table: undefined,
  column: undefined,
  dataType: undefined,
  constraint: undefined,
  file: 'datetime.c',
  line: '3985',
  routine: 'DateTimeParseError',
  level: '\x1B[31merror\x1B[39m',
  message: 'Error placing order: date/time field value out of range: "1710312106148"',
  stack: 'error: date/time field value out of range: "1710312106148"\n' +
    '    at /Users/nikeshsapkota/Desktop/Amnil/Task-Express-App/node_modules/pg-pool/index.js:45:11\n' +
    '    at process.processTicksAndRejections (node:internal/process/task_queues:95:5)\n' +
    '    at async makeOrder (file:///Users/nikeshsapkota/Desktop/Amnil/Task-Express-App/src/postgres/Controllers/order.js:29:9)',
  timestamp: '2024-03-13T06:41:46.154Z'
}
